0 info it worked if it ends with ok
1 verbose cli [ 'node', '/usr/local/bin/npm', 'install' ]
2 info using npm@1.4.28
3 info using node@v0.10.32
4 warn package.json myapp@1.0.0 No repository field.
5 warn package.json myapp@1.0.0 No README data
6 verbose readDependencies using package.json deps
7 verbose install where, deps [ '/Users/jwalker/Desktop/cordova_ionic/myApp',
7 verbose install   [ 'gulp',
7 verbose install     'gulp-sass',
7 verbose install     'gulp-concat',
7 verbose install     'gulp-minify-css',
7 verbose install     'gulp-rename',
7 verbose install     'bower',
7 verbose install     'gulp-util',
7 verbose install     'shelljs' ] ]
8 info preinstall myapp@1.0.0
9 verbose readDependencies using package.json deps
10 verbose cache add [ 'gulp@^3.5.6', null ]
11 verbose cache add name=undefined spec="gulp@^3.5.6" args=["gulp@^3.5.6",null]
12 verbose parsed url { protocol: null,
12 verbose parsed url   slashes: null,
12 verbose parsed url   auth: null,
12 verbose parsed url   host: null,
12 verbose parsed url   port: null,
12 verbose parsed url   hostname: null,
12 verbose parsed url   hash: null,
12 verbose parsed url   search: null,
12 verbose parsed url   query: null,
12 verbose parsed url   pathname: 'gulp@^3.5.6',
12 verbose parsed url   path: 'gulp@^3.5.6',
12 verbose parsed url   href: 'gulp@^3.5.6' }
13 verbose cache add [ 'gulp-sass@^0.7.1', null ]
14 verbose cache add name=undefined spec="gulp-sass@^0.7.1" args=["gulp-sass@^0.7.1",null]
15 verbose parsed url { protocol: null,
15 verbose parsed url   slashes: null,
15 verbose parsed url   auth: null,
15 verbose parsed url   host: null,
15 verbose parsed url   port: null,
15 verbose parsed url   hostname: null,
15 verbose parsed url   hash: null,
15 verbose parsed url   search: null,
15 verbose parsed url   query: null,
15 verbose parsed url   pathname: 'gulp-sass@^0.7.1',
15 verbose parsed url   path: 'gulp-sass@^0.7.1',
15 verbose parsed url   href: 'gulp-sass@^0.7.1' }
16 verbose cache add [ 'gulp-concat@^2.2.0', null ]
17 verbose cache add name=undefined spec="gulp-concat@^2.2.0" args=["gulp-concat@^2.2.0",null]
18 verbose parsed url { protocol: null,
18 verbose parsed url   slashes: null,
18 verbose parsed url   auth: null,
18 verbose parsed url   host: null,
18 verbose parsed url   port: null,
18 verbose parsed url   hostname: null,
18 verbose parsed url   hash: null,
18 verbose parsed url   search: null,
18 verbose parsed url   query: null,
18 verbose parsed url   pathname: 'gulp-concat@^2.2.0',
18 verbose parsed url   path: 'gulp-concat@^2.2.0',
18 verbose parsed url   href: 'gulp-concat@^2.2.0' }
19 verbose cache add [ 'gulp-minify-css@^0.3.0', null ]
20 verbose cache add name=undefined spec="gulp-minify-css@^0.3.0" args=["gulp-minify-css@^0.3.0",null]
21 verbose parsed url { protocol: null,
21 verbose parsed url   slashes: null,
21 verbose parsed url   auth: null,
21 verbose parsed url   host: null,
21 verbose parsed url   port: null,
21 verbose parsed url   hostname: null,
21 verbose parsed url   hash: null,
21 verbose parsed url   search: null,
21 verbose parsed url   query: null,
21 verbose parsed url   pathname: 'gulp-minify-css@^0.3.0',
21 verbose parsed url   path: 'gulp-minify-css@^0.3.0',
21 verbose parsed url   href: 'gulp-minify-css@^0.3.0' }
22 verbose cache add name="gulp" spec="^3.5.6" args=["gulp","^3.5.6"]
23 verbose parsed url { protocol: null,
23 verbose parsed url   slashes: null,
23 verbose parsed url   auth: null,
23 verbose parsed url   host: null,
23 verbose parsed url   port: null,
23 verbose parsed url   hostname: null,
23 verbose parsed url   hash: null,
23 verbose parsed url   search: null,
23 verbose parsed url   query: null,
23 verbose parsed url   pathname: '^3.5.6',
23 verbose parsed url   path: '^3.5.6',
23 verbose parsed url   href: '^3.5.6' }
24 verbose addNamed [ 'gulp', '^3.5.6' ]
25 verbose addNamed [ null, '>=3.5.6-0 <4.0.0-0' ]
26 verbose cache add name="gulp-sass" spec="^0.7.1" args=["gulp-sass","^0.7.1"]
27 verbose parsed url { protocol: null,
27 verbose parsed url   slashes: null,
27 verbose parsed url   auth: null,
27 verbose parsed url   host: null,
27 verbose parsed url   port: null,
27 verbose parsed url   hostname: null,
27 verbose parsed url   hash: null,
27 verbose parsed url   search: null,
27 verbose parsed url   query: null,
27 verbose parsed url   pathname: '^0.7.1',
27 verbose parsed url   path: '^0.7.1',
27 verbose parsed url   href: '^0.7.1' }
28 verbose addNamed [ 'gulp-sass', '^0.7.1' ]
29 verbose addNamed [ null, '>=0.7.1-0 <0.8.0-0' ]
30 verbose cache add name="gulp-concat" spec="^2.2.0" args=["gulp-concat","^2.2.0"]
31 verbose parsed url { protocol: null,
31 verbose parsed url   slashes: null,
31 verbose parsed url   auth: null,
31 verbose parsed url   host: null,
31 verbose parsed url   port: null,
31 verbose parsed url   hostname: null,
31 verbose parsed url   hash: null,
31 verbose parsed url   search: null,
31 verbose parsed url   query: null,
31 verbose parsed url   pathname: '^2.2.0',
31 verbose parsed url   path: '^2.2.0',
31 verbose parsed url   href: '^2.2.0' }
32 verbose addNamed [ 'gulp-concat', '^2.2.0' ]
33 verbose addNamed [ null, '>=2.2.0-0 <3.0.0-0' ]
34 verbose cache add [ 'gulp-rename@^1.2.0', null ]
35 verbose cache add name=undefined spec="gulp-rename@^1.2.0" args=["gulp-rename@^1.2.0",null]
36 verbose parsed url { protocol: null,
36 verbose parsed url   slashes: null,
36 verbose parsed url   auth: null,
36 verbose parsed url   host: null,
36 verbose parsed url   port: null,
36 verbose parsed url   hostname: null,
36 verbose parsed url   hash: null,
36 verbose parsed url   search: null,
36 verbose parsed url   query: null,
36 verbose parsed url   pathname: 'gulp-rename@^1.2.0',
36 verbose parsed url   path: 'gulp-rename@^1.2.0',
36 verbose parsed url   href: 'gulp-rename@^1.2.0' }
37 verbose cache add name="gulp-minify-css" spec="^0.3.0" args=["gulp-minify-css","^0.3.0"]
38 verbose parsed url { protocol: null,
38 verbose parsed url   slashes: null,
38 verbose parsed url   auth: null,
38 verbose parsed url   host: null,
38 verbose parsed url   port: null,
38 verbose parsed url   hostname: null,
38 verbose parsed url   hash: null,
38 verbose parsed url   search: null,
38 verbose parsed url   query: null,
38 verbose parsed url   pathname: '^0.3.0',
38 verbose parsed url   path: '^0.3.0',
38 verbose parsed url   href: '^0.3.0' }
39 verbose addNamed [ 'gulp-minify-css', '^0.3.0' ]
40 verbose addNamed [ null, '>=0.3.0-0 <0.4.0-0' ]
41 silly lockFile 28ac0b1b-gulp-3-5-6 gulp@^3.5.6
42 verbose lock gulp@^3.5.6 /Users/jwalker/.npm/28ac0b1b-gulp-3-5-6.lock
43 silly lockFile 77100620-gulp-sass-0-7-1 gulp-sass@^0.7.1
44 verbose lock gulp-sass@^0.7.1 /Users/jwalker/.npm/77100620-gulp-sass-0-7-1.lock
45 silly lockFile bade1119-gulp-concat-2-2-0 gulp-concat@^2.2.0
46 verbose lock gulp-concat@^2.2.0 /Users/jwalker/.npm/bade1119-gulp-concat-2-2-0.lock
47 silly lockFile 97140670-gulp-minify-css-0-3-0 gulp-minify-css@^0.3.0
48 verbose lock gulp-minify-css@^0.3.0 /Users/jwalker/.npm/97140670-gulp-minify-css-0-3-0.lock
49 verbose cache add [ 'bower@^1.3.3', null ]
50 verbose cache add name=undefined spec="bower@^1.3.3" args=["bower@^1.3.3",null]
51 verbose parsed url { protocol: null,
51 verbose parsed url   slashes: null,
51 verbose parsed url   auth: null,
51 verbose parsed url   host: null,
51 verbose parsed url   port: null,
51 verbose parsed url   hostname: null,
51 verbose parsed url   hash: null,
51 verbose parsed url   search: null,
51 verbose parsed url   query: null,
51 verbose parsed url   pathname: 'bower@^1.3.3',
51 verbose parsed url   path: 'bower@^1.3.3',
51 verbose parsed url   href: 'bower@^1.3.3' }
52 verbose cache add name="gulp-rename" spec="^1.2.0" args=["gulp-rename","^1.2.0"]
53 verbose parsed url { protocol: null,
53 verbose parsed url   slashes: null,
53 verbose parsed url   auth: null,
53 verbose parsed url   host: null,
53 verbose parsed url   port: null,
53 verbose parsed url   hostname: null,
53 verbose parsed url   hash: null,
53 verbose parsed url   search: null,
53 verbose parsed url   query: null,
53 verbose parsed url   pathname: '^1.2.0',
53 verbose parsed url   path: '^1.2.0',
53 verbose parsed url   href: '^1.2.0' }
54 verbose addNamed [ 'gulp-rename', '^1.2.0' ]
55 verbose addNamed [ null, '>=1.2.0-0 <2.0.0-0' ]
56 silly lockFile 31cef36d-gulp-rename-1-2-0 gulp-rename@^1.2.0
57 verbose lock gulp-rename@^1.2.0 /Users/jwalker/.npm/31cef36d-gulp-rename-1-2-0.lock
58 verbose cache add [ 'gulp-util@^2.2.14', null ]
59 verbose cache add name=undefined spec="gulp-util@^2.2.14" args=["gulp-util@^2.2.14",null]
60 verbose parsed url { protocol: null,
60 verbose parsed url   slashes: null,
60 verbose parsed url   auth: null,
60 verbose parsed url   host: null,
60 verbose parsed url   port: null,
60 verbose parsed url   hostname: null,
60 verbose parsed url   hash: null,
60 verbose parsed url   search: null,
60 verbose parsed url   query: null,
60 verbose parsed url   pathname: 'gulp-util@^2.2.14',
60 verbose parsed url   path: 'gulp-util@^2.2.14',
60 verbose parsed url   href: 'gulp-util@^2.2.14' }
61 verbose cache add name="bower" spec="^1.3.3" args=["bower","^1.3.3"]
62 verbose parsed url { protocol: null,
62 verbose parsed url   slashes: null,
62 verbose parsed url   auth: null,
62 verbose parsed url   host: null,
62 verbose parsed url   port: null,
62 verbose parsed url   hostname: null,
62 verbose parsed url   hash: null,
62 verbose parsed url   search: null,
62 verbose parsed url   query: null,
62 verbose parsed url   pathname: '^1.3.3',
62 verbose parsed url   path: '^1.3.3',
62 verbose parsed url   href: '^1.3.3' }
63 verbose addNamed [ 'bower', '^1.3.3' ]
64 verbose addNamed [ null, '>=1.3.3-0 <2.0.0-0' ]
65 silly lockFile 0aa5c27e-bower-1-3-3 bower@^1.3.3
66 verbose lock bower@^1.3.3 /Users/jwalker/.npm/0aa5c27e-bower-1-3-3.lock
67 silly addNameRange { name: 'gulp-sass',
67 silly addNameRange   range: '>=0.7.1-0 <0.8.0-0',
67 silly addNameRange   hasData: false }
68 silly addNameRange { name: 'gulp', range: '>=3.5.6-0 <4.0.0-0', hasData: false }
69 verbose cache add [ 'shelljs@^0.3.0', null ]
70 verbose cache add name=undefined spec="shelljs@^0.3.0" args=["shelljs@^0.3.0",null]
71 verbose parsed url { protocol: null,
71 verbose parsed url   slashes: null,
71 verbose parsed url   auth: null,
71 verbose parsed url   host: null,
71 verbose parsed url   port: null,
71 verbose parsed url   hostname: null,
71 verbose parsed url   hash: null,
71 verbose parsed url   search: null,
71 verbose parsed url   query: null,
71 verbose parsed url   pathname: 'shelljs@^0.3.0',
71 verbose parsed url   path: 'shelljs@^0.3.0',
71 verbose parsed url   href: 'shelljs@^0.3.0' }
72 verbose cache add name="gulp-util" spec="^2.2.14" args=["gulp-util","^2.2.14"]
73 verbose parsed url { protocol: null,
73 verbose parsed url   slashes: null,
73 verbose parsed url   auth: null,
73 verbose parsed url   host: null,
73 verbose parsed url   port: null,
73 verbose parsed url   hostname: null,
73 verbose parsed url   hash: null,
73 verbose parsed url   search: null,
73 verbose parsed url   query: null,
73 verbose parsed url   pathname: '^2.2.14',
73 verbose parsed url   path: '^2.2.14',
73 verbose parsed url   href: '^2.2.14' }
74 verbose addNamed [ 'gulp-util', '^2.2.14' ]
75 verbose addNamed [ null, '>=2.2.14-0 <3.0.0-0' ]
76 silly lockFile e3e5f16b-gulp-util-2-2-14 gulp-util@^2.2.14
77 verbose lock gulp-util@^2.2.14 /Users/jwalker/.npm/e3e5f16b-gulp-util-2-2-14.lock
78 silly addNameRange { name: 'gulp-concat',
78 silly addNameRange   range: '>=2.2.0-0 <3.0.0-0',
78 silly addNameRange   hasData: false }
79 silly addNameRange { name: 'gulp-minify-css',
79 silly addNameRange   range: '>=0.3.0-0 <0.4.0-0',
79 silly addNameRange   hasData: false }
80 silly addNameRange { name: 'gulp-rename',
80 silly addNameRange   range: '>=1.2.0-0 <2.0.0-0',
80 silly addNameRange   hasData: false }
81 verbose cache add name="shelljs" spec="^0.3.0" args=["shelljs","^0.3.0"]
82 verbose parsed url { protocol: null,
82 verbose parsed url   slashes: null,
82 verbose parsed url   auth: null,
82 verbose parsed url   host: null,
82 verbose parsed url   port: null,
82 verbose parsed url   hostname: null,
82 verbose parsed url   hash: null,
82 verbose parsed url   search: null,
82 verbose parsed url   query: null,
82 verbose parsed url   pathname: '^0.3.0',
82 verbose parsed url   path: '^0.3.0',
82 verbose parsed url   href: '^0.3.0' }
83 verbose addNamed [ 'shelljs', '^0.3.0' ]
84 verbose addNamed [ null, '>=0.3.0-0 <0.4.0-0' ]
85 silly lockFile 1ddaa962-shelljs-0-3-0 shelljs@^0.3.0
86 verbose lock shelljs@^0.3.0 /Users/jwalker/.npm/1ddaa962-shelljs-0-3-0.lock
87 verbose request where is /gulp-minify-css
88 verbose request registry https://registry.npmjs.org/
89 verbose request id ac18b64db6ee2bd7
90 verbose url raw /gulp-minify-css
91 verbose url resolving [ 'https://registry.npmjs.org/', './gulp-minify-css' ]
92 verbose url resolved https://registry.npmjs.org/gulp-minify-css
93 verbose request where is https://registry.npmjs.org/gulp-minify-css
94 info trying registry request attempt 1 at 11:11:31
95 http GET https://registry.npmjs.org/gulp-minify-css
96 silly addNameRange { name: 'bower', range: '>=1.3.3-0 <2.0.0-0', hasData: false }
97 verbose request where is /gulp-rename
98 verbose request registry https://registry.npmjs.org/
99 verbose url raw /gulp-rename
100 verbose url resolving [ 'https://registry.npmjs.org/', './gulp-rename' ]
101 verbose url resolved https://registry.npmjs.org/gulp-rename
102 verbose request where is https://registry.npmjs.org/gulp-rename
103 info trying registry request attempt 1 at 11:11:31
104 http GET https://registry.npmjs.org/gulp-rename
105 silly addNameRange { name: 'gulp-util',
105 silly addNameRange   range: '>=2.2.14-0 <3.0.0-0',
105 silly addNameRange   hasData: false }
106 verbose request where is /bower
107 verbose request registry https://registry.npmjs.org/
108 verbose url raw /bower
109 verbose url resolving [ 'https://registry.npmjs.org/', './bower' ]
110 verbose url resolved https://registry.npmjs.org/bower
111 verbose request where is https://registry.npmjs.org/bower
112 info trying registry request attempt 1 at 11:11:31
113 http GET https://registry.npmjs.org/bower
114 silly addNameRange { name: 'shelljs', range: '>=0.3.0-0 <0.4.0-0', hasData: false }
115 verbose registry.get https://registry.npmjs.org/gulp not expired, no request
116 silly addNameRange number 2 { name: 'gulp', range: '>=3.5.6-0 <4.0.0-0', hasData: true }
117 silly addNameRange versions [ 'gulp',
117 silly addNameRange   [ '0.0.1',
117 silly addNameRange     '0.0.2',
117 silly addNameRange     '0.0.3',
117 silly addNameRange     '0.0.4',
117 silly addNameRange     '0.0.5',
117 silly addNameRange     '0.0.7',
117 silly addNameRange     '0.0.8',
117 silly addNameRange     '0.0.9',
117 silly addNameRange     '0.1.0',
117 silly addNameRange     '0.2.0',
117 silly addNameRange     '1.0.0',
117 silly addNameRange     '1.1.0',
117 silly addNameRange     '1.2.0',
117 silly addNameRange     '1.2.1',
117 silly addNameRange     '2.0.0',
117 silly addNameRange     '2.0.1',
117 silly addNameRange     '2.1.0',
117 silly addNameRange     '2.2.0',
117 silly addNameRange     '2.3.0',
117 silly addNameRange     '2.4.0',
117 silly addNameRange     '2.4.1',
117 silly addNameRange     '2.6.0',
117 silly addNameRange     '2.6.1',
117 silly addNameRange     '2.7.0',
117 silly addNameRange     '3.0.0',
117 silly addNameRange     '3.1.1',
117 silly addNameRange     '3.1.2',
117 silly addNameRange     '3.1.3',
117 silly addNameRange     '3.1.4',
117 silly addNameRange     '3.2.0',
117 silly addNameRange     '3.2.1',
117 silly addNameRange     '3.2.2',
117 silly addNameRange     '3.2.3',
117 silly addNameRange     '3.2.4',
117 silly addNameRange     '3.2.5',
117 silly addNameRange     '3.3.0',
117 silly addNameRange     '3.3.1',
117 silly addNameRange     '3.3.2',
117 silly addNameRange     '3.3.4',
117 silly addNameRange     '3.4.0',
117 silly addNameRange     '3.5.0',
117 silly addNameRange     '3.5.1',
117 silly addNameRange     '3.5.2',
117 silly addNameRange     '3.5.5',
117 silly addNameRange     '3.5.6',
117 silly addNameRange     '3.6.0',
117 silly addNameRange     '3.6.1',
117 silly addNameRange     '3.6.2',
117 silly addNameRange     '3.7.0',
117 silly addNameRange     '3.8.0',
117 silly addNameRange     '3.8.1',
117 silly addNameRange     '3.8.2',
117 silly addNameRange     '3.8.3',
117 silly addNameRange     '3.8.4',
117 silly addNameRange     '3.8.5',
117 silly addNameRange     '3.8.6',
117 silly addNameRange     '3.8.7',
117 silly addNameRange     '3.8.8',
117 silly addNameRange     '3.8.9',
117 silly addNameRange     '3.8.10' ] ]
118 verbose addNamed [ 'gulp', '3.8.10' ]
119 verbose addNamed [ '3.8.10', '3.8.10' ]
120 silly lockFile f843d0d7-gulp-3-8-10 gulp@3.8.10
121 verbose lock gulp@3.8.10 /Users/jwalker/.npm/f843d0d7-gulp-3-8-10.lock
122 verbose request where is /gulp-concat
123 verbose request registry https://registry.npmjs.org/
124 verbose url raw /gulp-concat
125 verbose url resolving [ 'https://registry.npmjs.org/', './gulp-concat' ]
126 verbose url resolved https://registry.npmjs.org/gulp-concat
127 verbose request where is https://registry.npmjs.org/gulp-concat
128 info trying registry request attempt 1 at 11:11:31
129 verbose etag "27N07VN2SLYJYMDA5NT7HMKNB"
130 http GET https://registry.npmjs.org/gulp-concat
131 verbose request where is /gulp-sass
132 verbose request registry https://registry.npmjs.org/
133 verbose url raw /gulp-sass
134 verbose url resolving [ 'https://registry.npmjs.org/', './gulp-sass' ]
135 verbose url resolved https://registry.npmjs.org/gulp-sass
136 verbose request where is https://registry.npmjs.org/gulp-sass
137 info trying registry request attempt 1 at 11:11:31
138 verbose etag "9TTI9Q3BQRYZA663LHIJZK5OR"
139 http GET https://registry.npmjs.org/gulp-sass
140 verbose registry.get https://registry.npmjs.org/gulp-util not expired, no request
141 silly addNameRange number 2 { name: 'gulp-util',
141 silly addNameRange   range: '>=2.2.14-0 <3.0.0-0',
141 silly addNameRange   hasData: true }
142 silly addNameRange versions [ 'gulp-util',
142 silly addNameRange   [ '0.0.1',
142 silly addNameRange     '1.0.0',
142 silly addNameRange     '1.1.0',
142 silly addNameRange     '1.1.1',
142 silly addNameRange     '1.2.0',
142 silly addNameRange     '1.3.0',
142 silly addNameRange     '2.0.0',
142 silly addNameRange     '2.1.1',
142 silly addNameRange     '2.1.2',
142 silly addNameRange     '2.1.3',
142 silly addNameRange     '2.1.4',
142 silly addNameRange     '2.2.0',
142 silly addNameRange     '2.2.1',
142 silly addNameRange     '2.2.2',
142 silly addNameRange     '2.2.3',
142 silly addNameRange     '2.2.5',
142 silly addNameRange     '2.2.6',
142 silly addNameRange     '2.2.7',
142 silly addNameRange     '2.2.8',
142 silly addNameRange     '2.2.9',
142 silly addNameRange     '2.2.10',
142 silly addNameRange     '2.2.11',
142 silly addNameRange     '2.2.12',
142 silly addNameRange     '2.2.13',
142 silly addNameRange     '2.2.14',
142 silly addNameRange     '2.2.15',
142 silly addNameRange     '2.2.16',
142 silly addNameRange     '2.2.17',
142 silly addNameRange     '2.2.18',
142 silly addNameRange     '2.2.19',
142 silly addNameRange     '2.2.20',
142 silly addNameRange     '3.0.0',
142 silly addNameRange     '3.0.1',
142 silly addNameRange     '3.0.2' ] ]
143 verbose addNamed [ 'gulp-util', '2.2.20' ]
144 verbose addNamed [ '2.2.20', '2.2.20' ]
145 silly lockFile 48c194cb-gulp-util-2-2-20 gulp-util@2.2.20
146 verbose lock gulp-util@2.2.20 /Users/jwalker/.npm/48c194cb-gulp-util-2-2-20.lock
147 verbose request where is /shelljs
148 verbose request registry https://registry.npmjs.org/
149 verbose url raw /shelljs
150 verbose url resolving [ 'https://registry.npmjs.org/', './shelljs' ]
151 verbose url resolved https://registry.npmjs.org/shelljs
152 verbose request where is https://registry.npmjs.org/shelljs
153 info trying registry request attempt 1 at 11:11:31
154 verbose etag "45H7LRIS78BUC4E9RIPJSBP3Z"
155 http GET https://registry.npmjs.org/shelljs
156 silly lockFile f843d0d7-gulp-3-8-10 gulp@3.8.10
157 silly lockFile f843d0d7-gulp-3-8-10 gulp@3.8.10
158 silly lockFile 28ac0b1b-gulp-3-5-6 gulp@^3.5.6
159 silly lockFile 28ac0b1b-gulp-3-5-6 gulp@^3.5.6
160 silly lockFile 48c194cb-gulp-util-2-2-20 gulp-util@2.2.20
161 silly lockFile 48c194cb-gulp-util-2-2-20 gulp-util@2.2.20
162 silly lockFile e3e5f16b-gulp-util-2-2-14 gulp-util@^2.2.14
163 silly lockFile e3e5f16b-gulp-util-2-2-14 gulp-util@^2.2.14
164 http 200 https://registry.npmjs.org/gulp-rename
165 silly registry.get cb [ 200,
165 silly registry.get   { date: 'Fri, 23 Jan 2015 16:11:31 GMT',
165 silly registry.get     server: 'CouchDB/1.5.0 (Erlang OTP/R16B03)',
165 silly registry.get     etag: '"AG68VY67ZLD6J5EHTOMSDIDQO"',
165 silly registry.get     'content-type': 'application/json',
165 silly registry.get     'cache-control': 'max-age=60',
165 silly registry.get     'content-length': '9960',
165 silly registry.get     'accept-ranges': 'bytes',
165 silly registry.get     via: '1.1 varnish',
165 silly registry.get     age: '20',
165 silly registry.get     'x-served-by': 'cache-jfk1025-JFK',
165 silly registry.get     'x-cache': 'HIT',
165 silly registry.get     'x-cache-hits': '1',
165 silly registry.get     'x-timer': 'S1422029491.750507,VS0,VE0',
165 silly registry.get     vary: 'Accept',
165 silly registry.get     'keep-alive': 'timeout=10, max=50',
165 silly registry.get     connection: 'Keep-Alive' } ]
166 silly addNameRange number 2 { name: 'gulp-rename',
166 silly addNameRange   range: '>=1.2.0-0 <2.0.0-0',
166 silly addNameRange   hasData: true }
167 silly addNameRange versions [ 'gulp-rename',
167 silly addNameRange   [ '0.1.0', '0.2.1', '0.2.2', '1.0.0', '1.1.0', '1.2.0' ] ]
168 verbose addNamed [ 'gulp-rename', '1.2.0' ]
169 verbose addNamed [ '1.2.0', '1.2.0' ]
170 silly lockFile 5981c611-gulp-rename-1-2-0 gulp-rename@1.2.0
171 verbose lock gulp-rename@1.2.0 /Users/jwalker/.npm/5981c611-gulp-rename-1-2-0.lock
172 silly lockFile b4be9a05-ulp-rename-gulp-rename-1-2-0-tgz https://registry.npmjs.org/gulp-rename/-/gulp-rename-1.2.0.tgz
173 verbose lock https://registry.npmjs.org/gulp-rename/-/gulp-rename-1.2.0.tgz /Users/jwalker/.npm/b4be9a05-ulp-rename-gulp-rename-1-2-0-tgz.lock
174 verbose addRemoteTarball [ 'https://registry.npmjs.org/gulp-rename/-/gulp-rename-1.2.0.tgz',
174 verbose addRemoteTarball   '060394a09b085cf5d46fc48acdc5657f8fee9e4e' ]
175 info retry fetch attempt 1 at 11:11:31
176 verbose fetch to= /var/folders/c_/rdgrjjrs0556p5gkb9vn25_h0000gn/T/npm-14719-rScBTT_-/registry.npmjs.org/gulp-rename/-/gulp-rename-1.2.0.tgz
177 http GET https://registry.npmjs.org/gulp-rename/-/gulp-rename-1.2.0.tgz
178 http 200 https://registry.npmjs.org/gulp-concat
179 silly registry.get cb [ 200,
179 silly registry.get   { date: 'Fri, 23 Jan 2015 16:11:31 GMT',
179 silly registry.get     server: 'CouchDB/1.5.0 (Erlang OTP/R14B04)',
179 silly registry.get     etag: '"54UNBJJKJUU64TUDCGJX5D7S3"',
179 silly registry.get     'content-type': 'application/json',
179 silly registry.get     'cache-control': 'max-age=60',
179 silly registry.get     'content-length': '30342',
179 silly registry.get     'accept-ranges': 'bytes',
179 silly registry.get     via: '1.1 varnish',
179 silly registry.get     age: '41',
179 silly registry.get     'x-served-by': 'cache-jfk1035-JFK',
179 silly registry.get     'x-cache': 'HIT',
179 silly registry.get     'x-cache-hits': '2',
179 silly registry.get     'x-timer': 'S1422029491.747512,VS0,VE0',
179 silly registry.get     vary: 'Accept',
179 silly registry.get     'keep-alive': 'timeout=10, max=50',
179 silly registry.get     connection: 'Keep-Alive' } ]
180 silly addNameRange number 2 { name: 'gulp-concat',
180 silly addNameRange   range: '>=2.2.0-0 <3.0.0-0',
180 silly addNameRange   hasData: true }
181 silly addNameRange versions [ 'gulp-concat',
181 silly addNameRange   [ '0.0.1',
181 silly addNameRange     '1.0.0',
181 silly addNameRange     '1.1.0',
181 silly addNameRange     '2.0.0',
181 silly addNameRange     '2.1.0',
181 silly addNameRange     '2.1.1',
181 silly addNameRange     '2.1.2',
181 silly addNameRange     '2.1.3',
181 silly addNameRange     '2.1.4',
181 silly addNameRange     '2.1.5',
181 silly addNameRange     '2.1.6',
181 silly addNameRange     '2.1.7',
181 silly addNameRange     '2.2.0',
181 silly addNameRange     '2.3.0',
181 silly addNameRange     '2.3.3',
181 silly addNameRange     '2.3.4',
181 silly addNameRange     '2.3.5',
181 silly addNameRange     '2.4.0',
181 silly addNameRange     '2.4.1',
181 silly addNameRange     '2.4.2',
181 silly addNameRange     '2.4.3' ] ]
182 verbose addNamed [ 'gulp-concat', '2.4.3' ]
183 verbose addNamed [ '2.4.3', '2.4.3' ]
184 silly lockFile 07935a45-gulp-concat-2-4-3 gulp-concat@2.4.3
185 verbose lock gulp-concat@2.4.3 /Users/jwalker/.npm/07935a45-gulp-concat-2-4-3.lock
186 silly lockFile ed610d0c-ulp-concat-gulp-concat-2-4-3-tgz https://registry.npmjs.org/gulp-concat/-/gulp-concat-2.4.3.tgz
187 verbose lock https://registry.npmjs.org/gulp-concat/-/gulp-concat-2.4.3.tgz /Users/jwalker/.npm/ed610d0c-ulp-concat-gulp-concat-2-4-3-tgz.lock
188 verbose addRemoteTarball [ 'https://registry.npmjs.org/gulp-concat/-/gulp-concat-2.4.3.tgz',
188 verbose addRemoteTarball   'dd913c3773b02f9dfb3f70e30215dc07a5cf32f7' ]
189 info retry fetch attempt 1 at 11:11:31
190 verbose fetch to= /var/folders/c_/rdgrjjrs0556p5gkb9vn25_h0000gn/T/npm-14719-rScBTT_-/registry.npmjs.org/gulp-concat/-/gulp-concat-2.4.3.tgz
191 http GET https://registry.npmjs.org/gulp-concat/-/gulp-concat-2.4.3.tgz
192 http 200 https://registry.npmjs.org/gulp-sass
193 silly registry.get cb [ 200,
193 silly registry.get   { date: 'Fri, 23 Jan 2015 16:11:31 GMT',
193 silly registry.get     server: 'CouchDB/1.5.0 (Erlang OTP/R16B03)',
193 silly registry.get     etag: '"6PP8340R82ENGRQLNC8WMXOZ8"',
193 silly registry.get     'content-type': 'application/json',
193 silly registry.get     'cache-control': 'max-age=60',
193 silly registry.get     'content-length': '30607',
193 silly registry.get     'accept-ranges': 'bytes',
193 silly registry.get     via: '1.1 varnish',
193 silly registry.get     age: '20',
193 silly registry.get     'x-served-by': 'cache-jfk1030-JFK',
193 silly registry.get     'x-cache': 'HIT',
193 silly registry.get     'x-cache-hits': '1',
193 silly registry.get     'x-timer': 'S1422029491.749017,VS0,VE0',
193 silly registry.get     vary: 'Accept',
193 silly registry.get     'keep-alive': 'timeout=10, max=50',
193 silly registry.get     connection: 'Keep-Alive' } ]
194 silly addNameRange number 2 { name: 'gulp-sass', range: '>=0.7.1-0 <0.8.0-0', hasData: true }
195 silly addNameRange versions [ 'gulp-sass',
195 silly addNameRange   [ '0.1.0',
195 silly addNameRange     '0.2.1',
195 silly addNameRange     '0.2.2',
195 silly addNameRange     '0.2.3',
195 silly addNameRange     '0.3.0',
195 silly addNameRange     '0.4.0',
195 silly addNameRange     '0.4.1',
195 silly addNameRange     '0.5.0',
195 silly addNameRange     '0.5.1',
195 silly addNameRange     '0.5.2',
195 silly addNameRange     '0.6.0',
195 silly addNameRange     '0.7.0',
195 silly addNameRange     '0.7.1',
195 silly addNameRange     '0.7.2',
195 silly addNameRange     '0.7.3',
195 silly addNameRange     '1.0.0',
195 silly addNameRange     '1.1.0',
195 silly addNameRange     '1.2.0',
195 silly addNameRange     '1.2.1',
195 silly addNameRange     '1.2.2',
195 silly addNameRange     '1.2.3',
195 silly addNameRange     '1.2.4',
195 silly addNameRange     '1.3.0',
195 silly addNameRange     '1.3.1',
195 silly addNameRange     '1.3.2' ] ]
196 verbose addNamed [ 'gulp-sass', '0.7.3' ]
197 verbose addNamed [ '0.7.3', '0.7.3' ]
198 silly lockFile 721f0c96-gulp-sass-0-7-3 gulp-sass@0.7.3
199 verbose lock gulp-sass@0.7.3 /Users/jwalker/.npm/721f0c96-gulp-sass-0-7-3.lock
200 silly lockFile d66f14f4-rg-gulp-sass-gulp-sass-0-7-3-tgz https://registry.npmjs.org/gulp-sass/-/gulp-sass-0.7.3.tgz
201 verbose lock https://registry.npmjs.org/gulp-sass/-/gulp-sass-0.7.3.tgz /Users/jwalker/.npm/d66f14f4-rg-gulp-sass-gulp-sass-0-7-3-tgz.lock
202 verbose addRemoteTarball [ 'https://registry.npmjs.org/gulp-sass/-/gulp-sass-0.7.3.tgz',
202 verbose addRemoteTarball   '4bfbb4e4d95a40be8beeebe07e8e477e7f7a2edc' ]
203 info retry fetch attempt 1 at 11:11:31
204 verbose fetch to= /var/folders/c_/rdgrjjrs0556p5gkb9vn25_h0000gn/T/npm-14719-rScBTT_-/registry.npmjs.org/gulp-sass/-/gulp-sass-0.7.3.tgz
205 http GET https://registry.npmjs.org/gulp-sass/-/gulp-sass-0.7.3.tgz
206 http 200 https://registry.npmjs.org/gulp-minify-css
207 silly registry.get cb [ 200,
207 silly registry.get   { date: 'Fri, 23 Jan 2015 16:11:31 GMT',
207 silly registry.get     server: 'CouchDB/1.5.0 (Erlang OTP/R16B03)',
207 silly registry.get     etag: '"7FSSLSODYNXN1EZ5HETEQYWYW"',
207 silly registry.get     'content-type': 'application/json',
207 silly registry.get     'cache-control': 'max-age=60',
207 silly registry.get     'content-length': '30784',
207 silly registry.get     'accept-ranges': 'bytes',
207 silly registry.get     via: '1.1 varnish',
207 silly registry.get     age: '20',
207 silly registry.get     'x-served-by': 'cache-jfk1025-JFK',
207 silly registry.get     'x-cache': 'HIT',
207 silly registry.get     'x-cache-hits': '1',
207 silly registry.get     'x-timer': 'S1422029491.750497,VS0,VE0',
207 silly registry.get     vary: 'Accept',
207 silly registry.get     'keep-alive': 'timeout=10, max=50',
207 silly registry.get     connection: 'Keep-Alive' } ]
208 http 304 https://registry.npmjs.org/shelljs
209 silly registry.get cb [ 304,
209 silly registry.get   { date: 'Fri, 23 Jan 2015 16:11:31 GMT',
209 silly registry.get     server: 'Apache',
209 silly registry.get     via: '1.1 varnish',
209 silly registry.get     'last-modified': 'Fri, 23 Jan 2015 16:11:31 GMT',
209 silly registry.get     'cache-control': 'max-age=60',
209 silly registry.get     etag: '"45H7LRIS78BUC4E9RIPJSBP3Z"',
209 silly registry.get     age: '21',
209 silly registry.get     'x-served-by': 'cache-jfk1025-JFK',
209 silly registry.get     'x-cache': 'HIT',
209 silly registry.get     'x-cache-hits': '1',
209 silly registry.get     'x-timer': 'S1422029491.797268,VS0,VE0',
209 silly registry.get     vary: 'Accept',
209 silly registry.get     'content-length': '0',
209 silly registry.get     'keep-alive': 'timeout=10, max=49',
209 silly registry.get     connection: 'Keep-Alive' } ]
210 verbose etag https://registry.npmjs.org/shelljs from cache
211 silly addNameRange number 2 { name: 'gulp-minify-css',
211 silly addNameRange   range: '>=0.3.0-0 <0.4.0-0',
211 silly addNameRange   hasData: true }
212 silly addNameRange versions [ 'gulp-minify-css',
212 silly addNameRange   [ '0.0.1',
212 silly addNameRange     '0.1.0',
212 silly addNameRange     '0.2.0',
212 silly addNameRange     '0.3.0',
212 silly addNameRange     '0.3.1',
212 silly addNameRange     '0.3.2',
212 silly addNameRange     '0.3.3',
212 silly addNameRange     '0.3.4',
212 silly addNameRange     '0.3.5',
212 silly addNameRange     '0.3.6',
212 silly addNameRange     '0.3.7',
212 silly addNameRange     '0.3.8',
212 silly addNameRange     '0.3.9',
212 silly addNameRange     '0.3.10',
212 silly addNameRange     '0.3.11',
212 silly addNameRange     '0.3.12',
212 silly addNameRange     '0.3.13',
212 silly addNameRange     '0.4.0',
212 silly addNameRange     '0.4.1',
212 silly addNameRange     '0.4.2' ] ]
213 verbose addNamed [ 'gulp-minify-css', '0.3.13' ]
214 verbose addNamed [ '0.3.13', '0.3.13' ]
215 silly lockFile 9038a954-gulp-minify-css-0-3-13 gulp-minify-css@0.3.13
216 verbose lock gulp-minify-css@0.3.13 /Users/jwalker/.npm/9038a954-gulp-minify-css-0-3-13.lock
217 silly lockFile 8781e9f5-y-css-gulp-minify-css-0-3-13-tgz https://registry.npmjs.org/gulp-minify-css/-/gulp-minify-css-0.3.13.tgz
218 verbose lock https://registry.npmjs.org/gulp-minify-css/-/gulp-minify-css-0.3.13.tgz /Users/jwalker/.npm/8781e9f5-y-css-gulp-minify-css-0-3-13-tgz.lock
219 silly addNameRange number 2 { name: 'shelljs', range: '>=0.3.0-0 <0.4.0-0', hasData: true }
220 silly addNameRange versions [ 'shelljs',
220 silly addNameRange   [ '0.0.1',
220 silly addNameRange     '0.0.2',
220 silly addNameRange     '0.0.3',
220 silly addNameRange     '0.0.4',
220 silly addNameRange     '0.0.5',
220 silly addNameRange     '0.0.6',
220 silly addNameRange     '0.0.7',
220 silly addNameRange     '0.0.8',
220 silly addNameRange     '0.0.9',
220 silly addNameRange     '0.1.0',
220 silly addNameRange     '0.1.1',
220 silly addNameRange     '0.1.2',
220 silly addNameRange     '0.1.3',
220 silly addNameRange     '0.1.4',
220 silly addNameRange     '0.2.0',
220 silly addNameRange     '0.2.1',
220 silly addNameRange     '0.2.2',
220 silly addNameRange     '0.2.3',
220 silly addNameRange     '0.2.4',
220 silly addNameRange     '0.2.5',
220 silly addNameRange     '0.2.6',
220 silly addNameRange     '0.3.0',
220 silly addNameRange     '0.0.1-alpha1',
220 silly addNameRange     '0.0.2-pre1',
220 silly addNameRange     '0.0.4-pre1',
220 silly addNameRange     '0.0.5-pre1',
220 silly addNameRange     '0.0.5-pre2',
220 silly addNameRange     '0.0.5-pre3',
220 silly addNameRange     '0.0.5-pre4',
220 silly addNameRange     '0.0.6-pre1',
220 silly addNameRange     '0.0.6-pre2' ] ]
221 verbose addNamed [ 'shelljs', '0.3.0' ]
222 verbose addNamed [ '0.3.0', '0.3.0' ]
223 silly lockFile 7d3918b1-shelljs-0-3-0 shelljs@0.3.0
224 verbose lock shelljs@0.3.0 /Users/jwalker/.npm/7d3918b1-shelljs-0-3-0.lock
225 verbose addRemoteTarball [ 'https://registry.npmjs.org/gulp-minify-css/-/gulp-minify-css-0.3.13.tgz',
225 verbose addRemoteTarball   'ba813c665422868305383ccd185f239c1e35209b' ]
226 info retry fetch attempt 1 at 11:11:31
227 verbose fetch to= /var/folders/c_/rdgrjjrs0556p5gkb9vn25_h0000gn/T/npm-14719-rScBTT_-/registry.npmjs.org/gulp-minify-css/-/gulp-minify-css-0.3.13.tgz
228 http GET https://registry.npmjs.org/gulp-minify-css/-/gulp-minify-css-0.3.13.tgz
229 silly lockFile 7d3918b1-shelljs-0-3-0 shelljs@0.3.0
230 silly lockFile 7d3918b1-shelljs-0-3-0 shelljs@0.3.0
231 silly lockFile 1ddaa962-shelljs-0-3-0 shelljs@^0.3.0
232 silly lockFile 1ddaa962-shelljs-0-3-0 shelljs@^0.3.0
233 http 200 https://registry.npmjs.org/bower
234 silly registry.get cb [ 200,
234 silly registry.get   { date: 'Fri, 23 Jan 2015 16:11:31 GMT',
234 silly registry.get     server: 'CouchDB/1.5.0 (Erlang OTP/R14B04)',
234 silly registry.get     etag: '"2GU56S8OFJ82S27CERPIBMWWB"',
234 silly registry.get     'content-type': 'application/json',
234 silly registry.get     'cache-control': 'max-age=60',
234 silly registry.get     'content-length': '106070',
234 silly registry.get     'accept-ranges': 'bytes',
234 silly registry.get     via: '1.1 varnish',
234 silly registry.get     age: '22',
234 silly registry.get     'x-served-by': 'cache-jfk1030-JFK',
234 silly registry.get     'x-cache': 'HIT',
234 silly registry.get     'x-cache-hits': '2',
234 silly registry.get     'x-timer': 'S1422029491.748929,VS0,VE0',
234 silly registry.get     vary: 'Accept',
234 silly registry.get     'keep-alive': 'timeout=10, max=50',
234 silly registry.get     connection: 'Keep-Alive' } ]
235 silly addNameRange number 2 { name: 'bower', range: '>=1.3.3-0 <2.0.0-0', hasData: true }
236 silly addNameRange versions [ 'bower',
236 silly addNameRange   [ '0.1.0',
236 silly addNameRange     '0.1.2',
236 silly addNameRange     '0.1.3',
236 silly addNameRange     '0.2.0',
236 silly addNameRange     '0.3.0',
236 silly addNameRange     '0.3.1',
236 silly addNameRange     '0.3.2',
236 silly addNameRange     '0.4.0',
236 silly addNameRange     '0.5.0',
236 silly addNameRange     '0.5.1',
236 silly addNameRange     '0.6.0',
236 silly addNameRange     '0.6.1',
236 silly addNameRange     '0.6.2',
236 silly addNameRange     '0.6.3',
236 silly addNameRange     '0.6.4',
236 silly addNameRange     '0.6.5',
236 silly addNameRange     '0.6.6',
236 silly addNameRange     '0.6.7',
236 silly addNameRange     '0.6.8',
236 silly addNameRange     '0.7.0',
236 silly addNameRange     '0.7.1',
236 silly addNameRange     '0.8.0',
236 silly addNameRange     '0.8.1',
236 silly addNameRange     '0.8.2',
236 silly addNameRange     '0.8.3',
236 silly addNameRange     '0.8.4',
236 silly addNameRange     '0.8.5',
236 silly addNameRange     '0.8.6',
236 silly addNameRange     '0.9.0',
236 silly addNameRange     '0.9.1',
236 silly addNameRange     '0.9.2',
236 silly addNameRange     '0.10.0',
236 silly addNameRange     '1.0.0',
236 silly addNameRange     '1.0.1',
236 silly addNameRange     '1.0.2',
236 silly addNameRange     '1.0.3',
236 silly addNameRange     '1.1.0',
236 silly addNameRange     '1.1.1',
236 silly addNameRange     '1.1.2',
236 silly addNameRange     '1.2.0',
236 silly addNameRange     '1.2.1',
236 silly addNameRange     '1.2.2',
236 silly addNameRange     '1.2.3',
236 silly addNameRange     '1.2.4',
236 silly addNameRange     '1.2.5',
236 silly addNameRange     '1.2.6',
236 silly addNameRange     '1.2.7',
236 silly addNameRange     '1.2.8',
236 silly addNameRange     '1.3.0',
236 silly addNameRange     '1.3.1',
236 silly addNameRange     '1.3.2',
236 silly addNameRange     '1.3.3',
236 silly addNameRange     '1.3.4',
236 silly addNameRange     '1.3.5',
236 silly addNameRange     '1.3.6',
236 silly addNameRange     '1.3.7',
236 silly addNameRange     '1.3.8',
236 silly addNameRange     '1.3.9',
236 silly addNameRange     '1.3.10',
236 silly addNameRange     '1.3.11',
236 silly addNameRange     '1.3.12' ] ]
237 verbose addNamed [ 'bower', '1.3.12' ]
238 verbose addNamed [ '1.3.12', '1.3.12' ]
239 silly lockFile 9819431c-bower-1-3-12 bower@1.3.12
240 verbose lock bower@1.3.12 /Users/jwalker/.npm/9819431c-bower-1-3-12.lock
241 silly lockFile b05fd70b-npmjs-org-bower-bower-1-3-12-tgz https://registry.npmjs.org/bower/-/bower-1.3.12.tgz
242 verbose lock https://registry.npmjs.org/bower/-/bower-1.3.12.tgz /Users/jwalker/.npm/b05fd70b-npmjs-org-bower-bower-1-3-12-tgz.lock
243 verbose addRemoteTarball [ 'https://registry.npmjs.org/bower/-/bower-1.3.12.tgz',
243 verbose addRemoteTarball   '37de0edb3904baf90aee13384a1a379a05ee214c' ]
244 info retry fetch attempt 1 at 11:11:31
245 verbose fetch to= /var/folders/c_/rdgrjjrs0556p5gkb9vn25_h0000gn/T/npm-14719-rScBTT_-/registry.npmjs.org/bower/-/bower-1.3.12.tgz
246 http GET https://registry.npmjs.org/bower/-/bower-1.3.12.tgz
247 http 200 https://registry.npmjs.org/gulp-rename/-/gulp-rename-1.2.0.tgz
248 silly lockFile b4be9a05-ulp-rename-gulp-rename-1-2-0-tgz https://registry.npmjs.org/gulp-rename/-/gulp-rename-1.2.0.tgz
249 silly lockFile b4be9a05-ulp-rename-gulp-rename-1-2-0-tgz https://registry.npmjs.org/gulp-rename/-/gulp-rename-1.2.0.tgz
250 silly lockFile 5981c611-gulp-rename-1-2-0 gulp-rename@1.2.0
251 silly lockFile 5981c611-gulp-rename-1-2-0 gulp-rename@1.2.0
252 silly lockFile 31cef36d-gulp-rename-1-2-0 gulp-rename@^1.2.0
253 silly lockFile 31cef36d-gulp-rename-1-2-0 gulp-rename@^1.2.0
254 http 200 https://registry.npmjs.org/gulp-sass/-/gulp-sass-0.7.3.tgz
255 http 200 https://registry.npmjs.org/gulp-concat/-/gulp-concat-2.4.3.tgz
256 silly lockFile d66f14f4-rg-gulp-sass-gulp-sass-0-7-3-tgz https://registry.npmjs.org/gulp-sass/-/gulp-sass-0.7.3.tgz
257 silly lockFile d66f14f4-rg-gulp-sass-gulp-sass-0-7-3-tgz https://registry.npmjs.org/gulp-sass/-/gulp-sass-0.7.3.tgz
258 http 200 https://registry.npmjs.org/gulp-minify-css/-/gulp-minify-css-0.3.13.tgz
259 silly lockFile 721f0c96-gulp-sass-0-7-3 gulp-sass@0.7.3
260 silly lockFile 721f0c96-gulp-sass-0-7-3 gulp-sass@0.7.3
261 silly lockFile 77100620-gulp-sass-0-7-1 gulp-sass@^0.7.1
262 silly lockFile 77100620-gulp-sass-0-7-1 gulp-sass@^0.7.1
263 silly lockFile ed610d0c-ulp-concat-gulp-concat-2-4-3-tgz https://registry.npmjs.org/gulp-concat/-/gulp-concat-2.4.3.tgz
264 silly lockFile ed610d0c-ulp-concat-gulp-concat-2-4-3-tgz https://registry.npmjs.org/gulp-concat/-/gulp-concat-2.4.3.tgz
265 silly lockFile 07935a45-gulp-concat-2-4-3 gulp-concat@2.4.3
266 silly lockFile 07935a45-gulp-concat-2-4-3 gulp-concat@2.4.3
267 silly lockFile bade1119-gulp-concat-2-2-0 gulp-concat@^2.2.0
268 silly lockFile bade1119-gulp-concat-2-2-0 gulp-concat@^2.2.0
269 silly lockFile 8781e9f5-y-css-gulp-minify-css-0-3-13-tgz https://registry.npmjs.org/gulp-minify-css/-/gulp-minify-css-0.3.13.tgz
270 silly lockFile 8781e9f5-y-css-gulp-minify-css-0-3-13-tgz https://registry.npmjs.org/gulp-minify-css/-/gulp-minify-css-0.3.13.tgz
271 silly lockFile 9038a954-gulp-minify-css-0-3-13 gulp-minify-css@0.3.13
272 silly lockFile 9038a954-gulp-minify-css-0-3-13 gulp-minify-css@0.3.13
273 silly lockFile 97140670-gulp-minify-css-0-3-0 gulp-minify-css@^0.3.0
274 silly lockFile 97140670-gulp-minify-css-0-3-0 gulp-minify-css@^0.3.0
275 http 200 https://registry.npmjs.org/bower/-/bower-1.3.12.tgz
276 silly lockFile b05fd70b-npmjs-org-bower-bower-1-3-12-tgz https://registry.npmjs.org/bower/-/bower-1.3.12.tgz
277 silly lockFile b05fd70b-npmjs-org-bower-bower-1-3-12-tgz https://registry.npmjs.org/bower/-/bower-1.3.12.tgz
278 silly lockFile 9819431c-bower-1-3-12 bower@1.3.12
279 silly lockFile 9819431c-bower-1-3-12 bower@1.3.12
280 silly lockFile 0aa5c27e-bower-1-3-3 bower@^1.3.3
281 silly lockFile 0aa5c27e-bower-1-3-3 bower@^1.3.3
282 error Error: EACCES, mkdir '/Users/jwalker/.npm/gulp-sass/0.7.3'
282 error  { [Error: EACCES, mkdir '/Users/jwalker/.npm/gulp-sass/0.7.3']
282 error   errno: 3,
282 error   code: 'EACCES',
282 error   path: '/Users/jwalker/.npm/gulp-sass/0.7.3',
282 error   parent: 'myapp' }
283 error Please try running this command again as root/Administrator.
284 error System Darwin 14.0.0
285 error command "node" "/usr/local/bin/npm" "install"
286 error cwd /Users/jwalker/Desktop/cordova_ionic/myApp
287 error node -v v0.10.32
288 error npm -v 1.4.28
289 error path /Users/jwalker/.npm/gulp-sass/0.7.3
290 error code EACCES
291 error errno 3
292 error stack Error: EACCES, mkdir '/Users/jwalker/.npm/gulp-sass/0.7.3'
293 verbose exit [ 3, true ]
